<?xml version="1.0" encoding="UTF-8"?>
<!-- Generated by org.testng.reporters.JUnitReportReporter -->
<testsuite skipped="0" hostname="Sarang-Notebook" name="com.qa.interestsmart.tests.SignInTest" tests="1" failures="0" timestamp="11 Sep 2020 11:17:35 GMT" time="14.597" errors="0">
  <testcase name="tc_01_check_time_to_Signin_to_aplication_with_correct_emailId_and_password" time="14.597" classname="com.qa.interestsmart.tests.SignInTest"/>
</testsuite> <!-- com.qa.interestsmart.tests.SignInTest -->
