<?xml version="1.0" encoding="UTF-8"?>
<!-- Generated by org.testng.reporters.JUnitReportReporter -->
<testsuite hostname="DESKTOP-165ABPJ" name="com.qa.interestsmart.tests.TC_06_InvalidEmail_InvalidPassword" tests="1" failures="0" timestamp="1 Oct 2020 17:18:26 GMT" time="39.998" errors="0">
  <testcase name="TC_05_InvalidEmail_InvalidPassword" time="39.998" classname="com.qa.interestsmart.tests.TC_06_InvalidEmail_InvalidPassword"/>
</testsuite> <!-- com.qa.interestsmart.tests.TC_06_InvalidEmail_InvalidPassword -->
