<?xml version="1.0" encoding="UTF-8"?>
<!-- Generated by org.testng.reporters.JUnitReportReporter -->
<testsuite skipped="0" hostname="Sarang-Notebook" name="com.qa.interestsmart.tests.LandingPageTest" tests="1" failures="0" timestamp="11 Sep 2020 08:56:37 GMT" time="10.731" errors="0">
  <testcase name="verify_ui_elements_on_landing_page" time="10.731" classname="com.qa.interestsmart.tests.LandingPageTest"/>
</testsuite> <!-- com.qa.interestsmart.tests.LandingPageTest -->
