<?xml version="1.0" encoding="UTF-8"?>
<!-- Generated by org.testng.reporters.JUnitReportReporter -->
<testsuite hostname="DESKTOP-165ABPJ" name="com.qa.interestsmart.tests.TC_03_Login_ValidEmail_ValidPassword" tests="1" failures="0" timestamp="1 Oct 2020 17:14:35 GMT" time="37.048" errors="0">
  <testcase name="TC_02_Login_ValidEmail_ValidPassword" time="37.048" classname="com.qa.interestsmart.tests.TC_03_Login_ValidEmail_ValidPassword"/>
</testsuite> <!-- com.qa.interestsmart.tests.TC_03_Login_ValidEmail_ValidPassword -->
