<?xml version="1.0" encoding="UTF-8"?>
<!-- Generated by org.testng.reporters.JUnitReportReporter -->
<testsuite hostname="DESKTOP-165ABPJ" name="com.qa.interestsmart.tests.TC_04_Login_InvalidEmail_ValidPassword" tests="1" failures="0" timestamp="1 Oct 2020 17:16:31 GMT" time="37.141" errors="0">
  <testcase name="TC_03_InvalidEmail_ValidPassword" time="37.141" classname="com.qa.interestsmart.tests.TC_04_Login_InvalidEmail_ValidPassword"/>
</testsuite> <!-- com.qa.interestsmart.tests.TC_04_Login_InvalidEmail_ValidPassword -->
