<?xml version="1.0" encoding="UTF-8"?>
<!-- Generated by org.testng.reporters.JUnitReportReporter -->
<testsuite skipped="0" hostname="Sarang-Notebook" name="com.qa.interestsmart.tests.temp" tests="1" failures="0" timestamp="07 Sep 2020 19:25:08 GMT" time="0.009" errors="0">
  <testcase name="t" time="0.009" classname="com.qa.interestsmart.tests.temp"/>
</testsuite> <!-- com.qa.interestsmart.tests.temp -->
