<?xml version="1.0" encoding="UTF-8"?>
<!-- Generated by org.testng.reporters.JUnitReportReporter -->
<testsuite hostname="DESKTOP-165ABPJ" name="com.qa.interestsmart.tests.TC_11_Search_Address_Without_Login_Then_Login" tests="1" failures="0" timestamp="1 Oct 2020 17:54:01 GMT" time="81.067" errors="0">
  <testcase name="TC_11_Search_Address_Without_Login_Then_Login" time="81.067" classname="com.qa.interestsmart.tests.TC_11_Search_Address_Without_Login_Then_Login"/>
</testsuite> <!-- com.qa.interestsmart.tests.TC_11_Search_Address_Without_Login_Then_Login -->
