<?xml version="1.0" encoding="UTF-8"?>
<!-- Generated by org.testng.reporters.JUnitReportReporter -->
<testsuite hostname="DESKTOP-165ABPJ" name="com.qa.interestsmart.tests.SignInToApplicationTest" tests="4" failures="0" timestamp="16 Sep 2020 14:34:28 GMT" time="92.075" errors="0">
  <testcase name="tc_01_User_Signin_to_application_with_Valid_emailId_and_Valid_password_and_signout_application" time="26.425" classname="com.qa.interestsmart.tests.SignInToApplicationTest"/>
  <testcase name="tc_02_User_is_unable_to_Signin_application_with_Invalid_emailId_and_Valid_password" time="17.617" classname="com.qa.interestsmart.tests.SignInToApplicationTest"/>
  <testcase name="tc_04_User_Signin_to_aplication_with_valid_emailId_and_valid_password_from_facebook_and_signout_application" time="27.386" classname="com.qa.interestsmart.tests.SignInToApplicationTest"/>
  <testcase name="tc_03_User_is_unable_to_Signin_application_with_Valid_emailId_and_Invalid_password" time="20.647" classname="com.qa.interestsmart.tests.SignInToApplicationTest"/>
</testsuite> <!-- com.qa.interestsmart.tests.SignInToApplicationTest -->
