<?xml version="1.0" encoding="UTF-8"?>
<!-- Generated by org.testng.reporters.JUnitReportReporter -->
<testsuite hostname="DESKTOP-165ABPJ" name="com.qa.interestsmart.tests.TC_07_SearchLoan_ByValidAddress" tests="1" failures="0" timestamp="1 Oct 2020 17:19:40 GMT" time="54.797" errors="0">
  <testcase name="TC_06_SearchLoan_ByAddress" time="54.797" classname="com.qa.interestsmart.tests.TC_07_SearchLoan_ByValidAddress"/>
</testsuite> <!-- com.qa.interestsmart.tests.TC_07_SearchLoan_ByValidAddress -->
