<?xml version="1.0" encoding="UTF-8"?>
<!-- Generated by org.testng.reporters.JUnitReportReporter -->
<testsuite hostname="DESKTOP-165ABPJ" name="com.qa.interestsmart.tests.TC_12_Submit_Loan" tests="1" failures="0" timestamp="1 Oct 2020 13:36:30 GMT" time="241.212" errors="0">
  <testcase name="TC_12_Submit_Loan" time="241.212" classname="com.qa.interestsmart.tests.TC_12_Submit_Loan"/>
</testsuite> <!-- com.qa.interestsmart.tests.TC_12_Submit_Loan -->
