<?xml version="1.0" encoding="UTF-8"?>
<!-- Generated by org.testng.reporters.JUnitReportReporter -->
<testsuite hostname="DESKTOP-165ABPJ" name="com.qa.interestsmart.tests.TC_07_SearchLoan_ByAddress" tests="1" failures="0" timestamp="16 Sep 2020 11:23:05 GMT" time="33.035" errors="0">
  <testcase name="SearchLoan_ByAddress" time="33.035" classname="com.qa.interestsmart.tests.TC_07_SearchLoan_ByAddress"/>
</testsuite> <!-- com.qa.interestsmart.tests.TC_07_SearchLoan_ByAddress -->
