<?xml version="1.0" encoding="UTF-8"?>
<!-- Generated by org.testng.reporters.JUnitReportReporter -->
<testsuite hostname="DESKTOP-165ABPJ" name="com.qa.interestsmart.tests.TC_05_Login_ValidEmail_InvalidPassword" tests="1" failures="0" timestamp="1 Oct 2020 17:17:28 GMT" time="41.160" errors="0">
  <testcase name="TC_04_Login_ValidEmail_InvalidPassword" time="41.160" classname="com.qa.interestsmart.tests.TC_05_Login_ValidEmail_InvalidPassword"/>
</testsuite> <!-- com.qa.interestsmart.tests.TC_05_Login_ValidEmail_InvalidPassword -->
