<?xml version="1.0" encoding="UTF-8"?>
<!-- Generated by org.testng.reporters.JUnitReportReporter -->
<testsuite hostname="DESKTOP-165ABPJ" name="com.qa.interestsmart.tests.TC_09_Verify_MonthlyPayment_RemainingBalance" tests="1" failures="0" timestamp="1 Oct 2020 17:35:19 GMT" time="61.036" errors="0">
  <testcase name="TC_09_Verify_MonthlyPayment_RemainingBalance" time="61.036" classname="com.qa.interestsmart.tests.TC_09_Verify_MonthlyPayment_RemainingBalance"/>
</testsuite> <!-- com.qa.interestsmart.tests.TC_09_Verify_MonthlyPayment_RemainingBalance -->
