<?xml version="1.0" encoding="UTF-8"?>
<!-- Generated by org.testng.reporters.JUnitReportReporter -->
<testsuite hostname="DESKTOP-165ABPJ" name="com.qa.interestsmart.tests.TC_02_LoginFacebook_Verify_FirstName_LastName_Logout" tests="1" failures="0" timestamp="1 Oct 2020 17:15:34 GMT" time="42.854" errors="0">
  <testcase name="TC_01_LoginFacebook_Verify_FirstName_LastName_Logout" time="42.854" classname="com.qa.interestsmart.tests.TC_02_LoginFacebook_Verify_FirstName_LastName_Logout"/>
</testsuite> <!-- com.qa.interestsmart.tests.TC_02_LoginFacebook_Verify_FirstName_LastName_Logout -->
