<?xml version="1.0" encoding="UTF-8"?>
<!-- Generated by org.testng.reporters.JUnitReportReporter -->
<testsuite skipped="0" hostname="Sarang-Notebook" name="com.qa.interestsmart.tests.SignInPageTest" tests="22" failures="0" timestamp="10 Sep 2020 15:25:13 GMT" time="501.409" errors="0">
  <testcase name="tc_01_check_sign_in_button_on_landing_page_is_redirecting_sign_in_page" time="19.794" classname="com.qa.interestsmart.tests.SignInPageTest"/>
  <testcase name="tc_04_check_tooltip_for_spaces_in_emailId_and_password_field_is_displayed" time="18.097" classname="com.qa.interestsmart.tests.SignInPageTest"/>
  <testcase name="tc_04_check_tooltip_for_spaces_in_emailId_and_password_field_is_displayed" time="19.154" classname="com.qa.interestsmart.tests.SignInPageTest"/>
  <testcase name="tc_05_check_tooltip_for_blank_password_field_is_displayed" time="21.904" classname="com.qa.interestsmart.tests.SignInPageTest"/>
  <testcase name="tc_06_check_time_to_Signin_to_aplication_with_correct_emailId_and_password" time="17.317" classname="com.qa.interestsmart.tests.SignInPageTest"/>
  <testcase name="tc_09_check_message_for_signin_to_application_with_invalid_credentials" time="37.733" classname="com.qa.interestsmart.tests.SignInPageTest"/>
  <testcase name="tc_07_check_password_field_text_is_encrypted_form" time="13.591" classname="com.qa.interestsmart.tests.SignInPageTest"/>
  <testcase name="tc_02_check_emailId_and_passowrd_field_is_displayed_sign_in_page" time="27.237" classname="com.qa.interestsmart.tests.SignInPageTest"/>
  <testcase name="tc_10_check_after_clicking_on_sign_in_here_link_form_signin_page_redirected_to_signup_page" time="24.995" classname="com.qa.interestsmart.tests.SignInPageTest"/>
  <testcase name="tc_08_check_time_to_login_the_application" time="24.885" classname="com.qa.interestsmart.tests.SignInPageTest"/>
  <testcase name="tc_02_check_emailId_and_passowrd_field_is_displayed_sign_in_page" time="19.305" classname="com.qa.interestsmart.tests.SignInPageTest"/>
  <testcase name="tc_07_check_password_field_text_is_encrypted_form" time="19.453" classname="com.qa.interestsmart.tests.SignInPageTest"/>
  <testcase name="tc_11_check_user_is_able_to_login_with_facebook_from_the_signin_page" time="32.383" classname="com.qa.interestsmart.tests.SignInPageTest"/>
  <testcase name="tc_05_check_tooltip_for_blank_password_field_is_displayed" time="18.230" classname="com.qa.interestsmart.tests.SignInPageTest"/>
  <testcase name="tc_01_check_sign_in_button_on_landing_page_is_redirecting_sign_in_page" time="15.194" classname="com.qa.interestsmart.tests.SignInPageTest"/>
  <testcase name="tc_10_check_after_clicking_on_sign_in_here_link_form_signin_page_redirected_to_signup_page" time="17.166" classname="com.qa.interestsmart.tests.SignInPageTest"/>
  <testcase name="tc_03_check_tooltip_for_blank_emailId_and_blank_password_field_is_displayed" time="15.295" classname="com.qa.interestsmart.tests.SignInPageTest"/>
  <testcase name="tc_09_check_message_for_signin_to_application_with_invalid_credentials" time="35.930" classname="com.qa.interestsmart.tests.SignInPageTest"/>
  <testcase name="tc_06_check_time_to_Signin_to_aplication_with_correct_emailId_and_password" time="22.932" classname="com.qa.interestsmart.tests.SignInPageTest"/>
  <testcase name="tc_03_check_tooltip_for_blank_emailId_and_blank_password_field_is_displayed" time="19.165" classname="com.qa.interestsmart.tests.SignInPageTest"/>
  <testcase name="tc_08_check_time_to_login_the_application" time="25.562" classname="com.qa.interestsmart.tests.SignInPageTest"/>
  <testcase name="tc_11_check_user_is_able_to_login_with_facebook_from_the_signin_page" time="36.087" classname="com.qa.interestsmart.tests.SignInPageTest"/>
</testsuite> <!-- com.qa.interestsmart.tests.SignInPageTest -->
