<?xml version="1.0" encoding="UTF-8"?>
<!-- Generated by org.testng.reporters.JUnitReportReporter -->
<testsuite hostname="DESKTOP-165ABPJ" name="com.qa.interestsmart.tests.TC_01" tests="1" failures="0" timestamp="16 Sep 2020 08:49:32 GMT" time="64.644" errors="0">
  <testcase name="TC_01_" time="64.644" classname="com.qa.interestsmart.tests.TC_01"/>
</testsuite> <!-- com.qa.interestsmart.tests.TC_01 -->
