<?xml version="1.0" encoding="UTF-8"?>
<!-- Generated by org.testng.reporters.JUnitReportReporter -->
<testsuite skipped="0" hostname="Sarang-Notebook" name="com.qa.interestsmart.tests.SignInWithUsernamePasswordTest" tests="3" failures="0" timestamp="12 Sep 2020 10:16:29 GMT" time="79.004" errors="0">
  <testcase name="tc_02_User_Signin_to_aplication_with_Invalid_emailId_and_Valid_password" time="20.615" classname="com.qa.interestsmart.tests.SignInWithUsernamePasswordTest"/>
  <testcase name="tc_01_User_Signin_to_aplication_with_Valid_emailId_and_Valid_password" time="33.075" classname="com.qa.interestsmart.tests.SignInWithUsernamePasswordTest"/>
  <testcase name="tc_03_User_Signin_to_aplication_with_Valid_emailId_and_Inalid_password" time="25.314" classname="com.qa.interestsmart.tests.SignInWithUsernamePasswordTest"/>
</testsuite> <!-- com.qa.interestsmart.tests.SignInWithUsernamePasswordTest -->
