<?xml version="1.0" encoding="UTF-8"?>
<!-- Generated by org.testng.reporters.JUnitReportReporter -->
<testsuite skipped="0" hostname="DESKTOP-165ABPJ" name="com.qa.interestsmart.tests.TC_11_Search_Address_Without_Login_Then_Login" tests="1" failures="0" timestamp="01 Oct 2020 19:42:49 GMT" time="63.667" errors="0">
  <testcase name="TC_01_Search_Address_Without_Login_Then_Login" time="63.667" classname="com.qa.interestsmart.tests.TC_11_Search_Address_Without_Login_Then_Login"/>
</testsuite> <!-- com.qa.interestsmart.tests.TC_11_Search_Address_Without_Login_Then_Login -->
