<?xml version="1.0" encoding="UTF-8"?>
<!-- Generated by org.testng.reporters.JUnitReportReporter -->
<testsuite skipped="0" hostname="DESKTOP-165ABPJ" name="com.qa.interestsmart.tests.TC_03_Login_ValidEmail_ValidPassword" tests="1" failures="0" timestamp="01 Oct 2020 19:42:49 GMT" time="20.541" errors="0">
  <testcase name="TC_03_Login_ValidEmail_ValidPassword" time="20.541" classname="com.qa.interestsmart.tests.TC_03_Login_ValidEmail_ValidPassword"/>
</testsuite> <!-- com.qa.interestsmart.tests.TC_03_Login_ValidEmail_ValidPassword -->
