<?xml version="1.0" encoding="UTF-8"?>
<!-- Generated by org.testng.reporters.JUnitReportReporter -->
<testsuite skipped="0" hostname="DESKTOP-165ABPJ" name="com.qa.interestsmart.tests.TC_07_SearchLoan_ByValidAddress" tests="1" failures="0" timestamp="01 Oct 2020 19:42:49 GMT" time="30.420" errors="0">
  <testcase name="TC_07_SearchLoan_ByValidAddress" time="30.420" classname="com.qa.interestsmart.tests.TC_07_SearchLoan_ByValidAddress"/>
</testsuite> <!-- com.qa.interestsmart.tests.TC_07_SearchLoan_ByValidAddress -->
