<?xml version="1.0" encoding="UTF-8"?>
<!-- Generated by org.testng.reporters.JUnitReportReporter -->
<testsuite skipped="0" hostname="DESKTOP-165ABPJ" name="com.qa.interestsmart.tests.TC_05_Login_ValidEmail_InvalidPassword" tests="1" failures="0" timestamp="01 Oct 2020 19:42:49 GMT" time="24.588" errors="0">
  <testcase name="TC_05_Login_ValidEmail_InvalidPassword" time="24.588" classname="com.qa.interestsmart.tests.TC_05_Login_ValidEmail_InvalidPassword"/>
</testsuite> <!-- com.qa.interestsmart.tests.TC_05_Login_ValidEmail_InvalidPassword -->
